<?xml version="1.0" encoding="UTF-8"?>
<!-- Generated by org.testng.reporters.JUnitReportReporter -->
<testsuite hostname="TYSS-Piyush-Baldaniya" failures="0" tests="1" name="contactTest.CreateConTest" time="0.014" errors="0" timestamp="2025-06-06T14:44:59 IST" skipped="0">
  <testcase classname="contactTest.CreateConTest" name="case1" time="0.014"/>
</testsuite> <!-- contactTest.CreateConTest -->
