<?xml version="1.0" encoding="UTF-8"?>
<!-- Generated by org.testng.reporters.JUnitReportReporter -->
<testsuite hostname="TYSS-Piyush-Baldaniya" failures="0" tests="1" name="contactTest.CreateConTest" time="0.005" errors="0" timestamp="2025-06-08T14:09:21 IST" skipped="0">
  <testcase classname="contactTest.CreateConTest" name="case1" time="0.005"/>
</testsuite> <!-- contactTest.CreateConTest -->
